<?xml version="1.0" encoding="UTF-8"?>
<testng-results ignored="0" total="5" passed="5" failed="0" skipped="0">
  <reporter-output>
  </reporter-output>
  <suite started-at="2023-12-10T20:11:23 IST" name="Suite" finished-at="2023-12-10T20:12:42 IST" duration-ms="78655">
    <groups>
      <group name="cucumber">
        <method signature="AbstractTestNGCucumberTests.runScenario(io.cucumber.testng.PickleWrapper,io.cucumber.testng.FeatureWrapper)[pri:0, instance:Runner.runnerclass@431cd9b2]" name="runScenario" class="io.cucumber.testng.AbstractTestNGCucumberTests"/>
      </group> <!-- cucumber -->
    </groups>
    <test started-at="2023-12-10T20:11:23 IST" name="Test" finished-at="2023-12-10T20:12:42 IST" duration-ms="78655">
      <class name="Runner.runnerclass">
        <test-method is-config="true" signature="setUpClass(org.testng.ITestContext)[pri:0, instance:Runner.runnerclass@431cd9b2]" started-at="2023-12-10T20:11:23 IST" name="setUpClass" finished-at="2023-12-10T20:11:23 IST" duration-ms="276" status="PASS">
          <params>
            <param index="0">
              <value>
                <![CDATA[org.testng.TestRunner@83ebdc5]]>
              </value>
            </param>
          </params>
          <reporter-output>
          </reporter-output>
        </test-method> <!-- setUpClass -->
        <test-method is-config="true" signature="sample()[pri:0, instance:Runner.runnerclass@431cd9b2]" started-at="2023-12-10T20:11:23 IST" name="sample" finished-at="2023-12-10T20:11:33 IST" duration-ms="9848" status="PASS">
          <reporter-output>
          </reporter-output>
        </test-method> <!-- sample -->
        <test-method signature="runScenario(io.cucumber.testng.PickleWrapper,io.cucumber.testng.FeatureWrapper)[pri:0, instance:Runner.runnerclass@431cd9b2]" started-at="2023-12-10T20:11:33 IST" name="runScenario" description="Runs Cucumber Scenarios" data-provider="scenarios" finished-at="2023-12-10T20:11:57 IST" duration-ms="23741" status="PASS">
          <params>
            <param index="0">
              <value>
                <![CDATA["Lisiting page presentation"]]>
              </value>
            </param>
            <param index="1">
              <value>
                <![CDATA["Checking the framework"]]>
              </value>
            </param>
          </params>
          <reporter-output>
          </reporter-output>
        </test-method> <!-- runScenario -->
        <test-method signature="runScenario(io.cucumber.testng.PickleWrapper,io.cucumber.testng.FeatureWrapper)[pri:0, instance:Runner.runnerclass@431cd9b2]" started-at="2023-12-10T20:11:57 IST" name="runScenario" description="Runs Cucumber Scenarios" data-provider="scenarios" finished-at="2023-12-10T20:12:13 IST" duration-ms="15592" status="PASS">
          <params>
            <param index="0">
              <value>
                <![CDATA["Creating New presentationa and renaming it"]]>
              </value>
            </param>
            <param index="1">
              <value>
                <![CDATA["Creating a new presentation and rename"]]>
              </value>
            </param>
          </params>
          <reporter-output>
          </reporter-output>
        </test-method> <!-- runScenario -->
        <test-method signature="runScenario(io.cucumber.testng.PickleWrapper,io.cucumber.testng.FeatureWrapper)[pri:0, instance:Runner.runnerclass@431cd9b2]" started-at="2023-12-10T20:12:13 IST" name="runScenario" description="Runs Cucumber Scenarios" data-provider="scenarios" finished-at="2023-12-10T20:12:24 IST" duration-ms="10964" status="PASS">
          <params>
            <param index="0">
              <value>
                <![CDATA["Slide Right Click"]]>
              </value>
            </param>
            <param index="1">
              <value>
                <![CDATA["Slide right click choose duplicate slide and layout"]]>
              </value>
            </param>
          </params>
          <reporter-output>
          </reporter-output>
        </test-method> <!-- runScenario -->
        <test-method signature="runScenario(io.cucumber.testng.PickleWrapper,io.cucumber.testng.FeatureWrapper)[pri:0, instance:Runner.runnerclass@431cd9b2]" started-at="2023-12-10T20:12:24 IST" name="runScenario" description="Runs Cucumber Scenarios" data-provider="scenarios" finished-at="2023-12-10T20:12:30 IST" duration-ms="6432" status="PASS">
          <params>
            <param index="0">
              <value>
                <![CDATA["Open the recent file"]]>
              </value>
            </param>
            <param index="1">
              <value>
                <![CDATA["Verify the File"]]>
              </value>
            </param>
          </params>
          <reporter-output>
          </reporter-output>
        </test-method> <!-- runScenario -->
        <test-method signature="runScenario(io.cucumber.testng.PickleWrapper,io.cucumber.testng.FeatureWrapper)[pri:0, instance:Runner.runnerclass@431cd9b2]" started-at="2023-12-10T20:12:30 IST" name="runScenario" description="Runs Cucumber Scenarios" data-provider="scenarios" finished-at="2023-12-10T20:12:41 IST" duration-ms="10763" status="PASS">
          <params>
            <param index="0">
              <value>
                <![CDATA["Adding comments and resolving it"]]>
              </value>
            </param>
            <param index="1">
              <value>
                <![CDATA["Archived comments"]]>
              </value>
            </param>
          </params>
          <reporter-output>
          </reporter-output>
        </test-method> <!-- runScenario -->
        <test-method is-config="true" signature="tearDownClass()[pri:0, instance:Runner.runnerclass@431cd9b2]" started-at="2023-12-10T20:12:41 IST" name="tearDownClass" finished-at="2023-12-10T20:12:42 IST" duration-ms="1007" status="PASS">
          <reporter-output>
          </reporter-output>
        </test-method> <!-- tearDownClass -->
      </class> <!-- Runner.runnerclass -->
    </test> <!-- Test -->
  </suite> <!-- Suite -->
</testng-results>
